<?xml version="1.0" encoding="UTF-8"?>
<!-- Generated by org.testng.reporters.JUnitReportReporter -->
<testsuite hostname="DESKTOP-T56DNVO" failures="0" tests="1" name="demoPack.Demotest" time="0.014" errors="0" timestamp="2024-01-30T17:36:54 IST" skipped="0">
  <testcase classname="demoPack.Demotest" name="demotest" time="0.014"/>
  <system-out/>
</testsuite> <!-- demoPack.Demotest -->
